SF:src/ATINEH.jl
LH:0
LF:0
end_of_record
SF:src/AffineTransforms.jl
DA:14,45
DA:17,26
DA:19,18
DA:22,5
DA:23,5
DA:26,3
DA:30,1
DA:31,1
DA:33,2
DA:36,1
DA:37,1
DA:38,1
DA:43,10
DA:46,3
DA:47,3
DA:51,1
DA:55,3
DA:59,1
DA:64,16
DA:68,10
DA:70,1
DA:74,5
DA:80,1
DA:81,1
DA:82,1
DA:86,5
DA:87,5
DA:88,5
DA:90,5
DA:92,5
DA:95,1
DA:96,1
DA:97,1
DA:100,3
DA:104,3
LH:35
LF:35
end_of_record
SF:src/ExteriorHandling.jl
DA:7,17
DA:12,11
DA:13,3
DA:17,3
DA:18,1
DA:22,3
DA:23,1
LH:7
LF:7
end_of_record
SF:src/IndexAffineTransform.jl
DA:7,8
DA:11,1
DA:15,1
DA:19,1
LH:4
LF:4
end_of_record
SF:src/IndexMaps.jl
DA:6,4
DA:8,19
DA:17,8
DA:20,2
DA:21,3
DA:23,1
DA:24,2
DA:26,2
DA:27,3
DA:31,32
DA:34,13
DA:36,5
DA:37,1
DA:38,1
DA:39,1
DA:41,1
DA:42,1
DA:44,1
DA:45,1
DA:47,1
DA:48,1
DA:51,26
DA:53,3
DA:55,4
DA:57,4
LH:25
LF:25
end_of_record
SF:src/IndexSupports.jl
DA:9,10
DA:10,12
DA:12,2
DA:17,9
DA:18,9
DA:20,8
DA:22,4
DA:23,1
DA:24,1
DA:25,1
DA:26,6
DA:30,5
DA:31,1
DA:32,1
DA:33,2
DA:37,12
DA:40,2
DA:41,5
DA:43,1
DA:44,4
DA:46,1
DA:47,1
DA:49,2
DA:50,5
LH:24
LF:24
end_of_record
SF:src/Interpolation.jl
LH:0
LF:0
end_of_record
SF:src/Interpolations/LinearInterpolation.jl
DA:7,8
DA:9,4
DA:11,8
DA:12,4
DA:13,4
DA:15,4
DA:16,10
DA:17,10
DA:18,8
DA:20,8
DA:21,28
DA:22,14
DA:25,2
DA:26,4
DA:31,4
DA:32,4
DA:33,4
DA:34,4
DA:41,4
DA:44,3
DA:46,7
DA:47,3
DA:48,3
DA:50,3
DA:51,7
DA:52,7
DA:53,6
DA:55,6
DA:56,22
DA:59,22
DA:64,1
DA:65,2
DA:70,3
DA:71,3
DA:72,3
DA:73,3
DA:75,3
LH:37
LF:37
end_of_record
SF:src/Interpolations/NearestInterpolation.jl
DA:6,3
DA:7,3
DA:11,6
DA:15,3
DA:19,3
DA:23,3
LH:6
LF:6
end_of_record
